\BOOKMARK [0][-]{chapter.1}{\376\377\000I\000n\000t\000r\000o\000d\000u\000c\000t\000i\000o\000n}{}% 1
\BOOKMARK [0][-]{chapter.2}{\376\377\000B\000a\000c\000k\000g\000r\000o\000u\000n\000d}{}% 2
\BOOKMARK [1][-]{section.2.1}{\376\377\000A\000s\000y\000m\000m\000e\000t\000r\000i\000c\000\040\000c\000r\000y\000p\000t\000o\000g\000r\000a\000p\000h\000y}{chapter.2}% 3
\BOOKMARK [1][-]{section.2.2}{\376\377\000D\000i\000g\000i\000t\000a\000l\000\040\000s\000i\000g\000n\000a\000t\000u\000r\000e}{chapter.2}% 4
\BOOKMARK [1][-]{section.2.3}{\376\377\000H\000a\000s\000h\000\040\000f\000u\000n\000c\000t\000i\000o\000n\000s}{chapter.2}% 5
\BOOKMARK [1][-]{section.2.4}{\376\377\000X\000.\0005\0000\0009\000\040\000c\000e\000r\000t\000i\000f\000i\000c\000a\000t\000e}{chapter.2}% 6
\BOOKMARK [2][-]{subsection.2.4.1}{\376\377\000X\000.\0005\0000\0009\000\040\000c\000e\000r\000t\000i\000f\000i\000c\000a\000t\000e\000\040\000c\000h\000a\000i\000n}{section.2.4}% 7
\BOOKMARK [2][-]{subsection.2.4.2}{\376\377\000X\000.\0005\0000\0009\000\040\000c\000e\000r\000t\000i\000f\000i\000c\000a\000t\000e\000\040\000v\000e\000r\000i\000f\000i\000c\000a\000t\000i\000o\000n}{section.2.4}% 8
\BOOKMARK [1][-]{section.2.5}{\376\377\000R\000o\000o\000t\000\040\000o\000f\000\040\000t\000r\000u\000s\000t}{chapter.2}% 9
\BOOKMARK [1][-]{section.2.6}{\376\377\000T\000r\000u\000s\000t\000e\000d\000\040\000E\000x\000e\000c\000u\000t\000i\000o\000n\000\040\000E\000n\000v\000i\000r\000o\000n\000m\000e\000n\000t\000\040\000\050\000T\000E\000E\000\051}{chapter.2}% 10
\BOOKMARK [1][-]{section.2.7}{\376\377\000T\000r\000u\000s\000t\000e\000d\000\040\000P\000l\000a\000t\000f\000o\000r\000m\000\040\000M\000o\000d\000u\000l\000e\000\040\000\050\000T\000P\000M\000\051}{chapter.2}% 11
\BOOKMARK [1][-]{section.2.8}{\376\377\000A\000n\000d\000r\000o\000i\000d\000\040\000K\000e\000y\000s\000t\000o\000r\000e\000\040\000s\000y\000s\000t\000e\000m}{chapter.2}% 12
\BOOKMARK [0][-]{chapter.3}{\376\377\000I\000m\000p\000l\000e\000m\000e\000n\000t\000a\000t\000i\000o\000n\000\040\000O\000v\000e\000r\000v\000i\000e\000w}{}% 13
\BOOKMARK [1][-]{section.3.1}{\376\377\000S\000t\000a\000r\000t\000i\000n\000g\000\040\000p\000o\000i\000n\000t}{chapter.3}% 14
\BOOKMARK [1][-]{section.3.2}{\376\377\000C\000l\000i\000e\000n\000t\000-\000s\000i\000d\000e}{chapter.3}% 15
\BOOKMARK [1][-]{section.3.3}{\376\377\000S\000e\000r\000v\000e\000r\000-\000s\000i\000d\000e}{chapter.3}% 16
\BOOKMARK [1][-]{section.3.4}{\376\377\000F\000i\000n\000a\000l\000\040\000p\000h\000a\000s\000e}{chapter.3}% 17
\BOOKMARK [0][-]{chapter.4}{\376\377\000I\000m\000p\000l\000e\000m\000e\000n\000t\000a\000t\000i\000o\000n\000\040\000D\000e\000t\000a\000i\000l\000s}{}% 18
\BOOKMARK [1][-]{section.4.1}{\376\377\000K\000e\000y\000s\000t\000o\000r\000e}{chapter.4}% 19
\BOOKMARK [2][-]{subsection.4.1.1}{\376\377\000K\000e\000y\000s\000t\000o\000r\000e\000\040\000s\000e\000c\000u\000r\000i\000t\000y\000\040\000f\000e\000a\000t\000u\000r\000e\000s}{section.4.1}% 20
\BOOKMARK [2][-]{subsection.4.1.2}{\376\377\000U\000s\000e\000f\000u\000l\000\040\000A\000P\000I}{section.4.1}% 21
\BOOKMARK [1][-]{section.4.2}{\376\377\000V\000e\000r\000i\000f\000y\000i\000n\000g\000\040\000k\000e\000y\000-\000p\000a\000i\000r\000s\000\040\000w\000i\000t\000h\000\040\000K\000e\000y\000\040\000A\000t\000t\000e\000s\000t\000a\000t\000i\000o\000n}{chapter.4}% 22
\BOOKMARK [2][-]{subsection.4.2.1}{\376\377\000K\000e\000y\000\040\000A\000t\000t\000e\000s\000t\000a\000t\000i\000o\000n}{section.4.2}% 23
\BOOKMARK [2][-]{subsection.4.2.2}{\376\377\000R\000e\000t\000r\000i\000e\000v\000e\000\040\000a\000n\000d\000\040\000v\000e\000r\000i\000f\000y\000\040\000a\000\040\000h\000a\000r\000d\000w\000a\000r\000e\000-\000b\000a\000c\000k\000e\000d\000\040\000k\000e\000y\000\040\000p\000a\000i\000r}{section.4.2}% 24
\BOOKMARK [2][-]{subsection.4.2.3}{\376\377\000E\000x\000a\000m\000p\000l\000e\000s}{section.4.2}% 25
\BOOKMARK [1][-]{section.4.3}{\376\377\000C\000l\000i\000e\000n\000t\000-\000S\000e\000r\000v\000e\000r\000\040\000A\000r\000c\000h\000i\000t\000e\000c\000t\000u\000r\000e}{chapter.4}% 26
\BOOKMARK [1][-]{section.4.4}{\376\377\000C\000l\000i\000e\000n\000t\000\040\000I\000m\000p\000l\000e\000m\000e\000n\000t\000a\000t\000i\000o\000n}{chapter.4}% 27
\BOOKMARK [2][-]{subsection.4.4.1}{\376\377\000K\000e\000y\000\040\000P\000a\000i\000r\000\040\000G\000e\000n\000e\000r\000a\000t\000i\000o\000n}{section.4.4}% 28
\BOOKMARK [2][-]{subsection.4.4.2}{\376\377\000S\000i\000g\000n\000a\000t\000u\000r\000e\000\040\000G\000e\000n\000e\000r\000a\000t\000i\000o\000n}{section.4.4}% 29
\BOOKMARK [2][-]{subsection.4.4.3}{\376\377\000C\000o\000n\000n\000e\000c\000t\000i\000o\000n\000\040\000t\000o\000\040\000t\000h\000e\000\040\000S\000e\000r\000v\000e\000r}{section.4.4}% 30
\BOOKMARK [1][-]{section.4.5}{\376\377\000S\000e\000r\000v\000e\000r\000\040\000I\000m\000p\000l\000e\000m\000e\000n\000t\000a\000t\000i\000o\000n}{chapter.4}% 31
\BOOKMARK [2][-]{subsection.4.5.1}{\376\377\000C\000e\000r\000t\000i\000f\000i\000c\000a\000t\000e\000\040\000C\000h\000a\000i\000n\000\040\000V\000a\000l\000i\000d\000a\000t\000i\000o\000n}{section.4.5}% 32
\BOOKMARK [2][-]{subsection.4.5.2}{\376\377\000S\000i\000g\000n\000a\000t\000u\000r\000e\000\040\000V\000a\000l\000i\000d\000a\000t\000i\000o\000n}{section.4.5}% 33
\BOOKMARK [2][-]{subsection.4.5.3}{\376\377\000T\000E\000E\000\040\000S\000e\000r\000i\000a\000l\000\040\000N\000u\000m\000b\000e\000r\000\040\000V\000a\000l\000i\000d\000a\000t\000i\000o\000n}{section.4.5}% 34
\BOOKMARK [1][-]{section.4.6}{\376\377\000I\000s\000s\000u\000e\000s\000\040\000a\000n\000d\000\040\000P\000o\000s\000s\000i\000b\000l\000e\000\040\000E\000x\000t\000e\000n\000s\000i\000o\000n\000s}{chapter.4}% 35
\BOOKMARK [2][-]{subsection.4.6.1}{\376\377\000C\000l\000i\000e\000n\000t\000\040\000S\000i\000d\000e}{section.4.6}% 36
\BOOKMARK [2][-]{subsection.4.6.2}{\376\377\000S\000e\000r\000v\000e\000r\000\040\000S\000i\000d\000e}{section.4.6}% 37
\BOOKMARK [0][-]{chapter.5}{\376\377\000R\000e\000s\000u\000l\000t\000s}{}% 38
\BOOKMARK [1][-]{section.5.1}{\376\377\000S\000t\000r\000a\000t\000e\000g\000y\000\040\000a\000d\000o\000p\000t\000e\000d}{chapter.5}% 39
\BOOKMARK [1][-]{section.5.2}{\376\377\000U\000s\000e\000\040\000C\000a\000s\000e\000s}{chapter.5}% 40
\BOOKMARK [1][-]{section.5.3}{\376\377\000F\000i\000n\000a\000l\000\040\000v\000e\000r\000i\000f\000i\000c\000a\000t\000i\000o\000n\000\040\000s\000u\000c\000c\000e\000s\000s\000f\000u\000l\000l}{chapter.5}% 41
\BOOKMARK [1][-]{section.5.4}{\376\377\000F\000i\000n\000a\000l\000\040\000v\000e\000r\000i\000f\000i\000c\000a\000t\000i\000o\000n\000\040\000f\000a\000i\000l\000e\000d}{chapter.5}% 42
\BOOKMARK [1][-]{section.5.5}{\376\377\000K\000n\000o\000w\000n\000\040\000I\000s\000s\000u\000e\000s}{chapter.5}% 43
\BOOKMARK [2][-]{subsection.5.5.1}{\376\377\000H\000a\000r\000d\000c\000o\000d\000e\000d\000\040\000d\000a\000t\000a\000\040\000t\000o\000\040\000s\000i\000g\000n}{section.5.5}% 44
\BOOKMARK [2][-]{subsection.5.5.2}{\376\377\000S\000e\000c\000u\000r\000e\000\040\000t\000r\000a\000s\000m\000i\000s\000s\000i\000o\000n\000\040\000o\000f\000\040\000t\000h\000e\000\040\000T\000E\000E\000\040\000s\000e\000r\000i\000a\000l\000\040\000n\000u\000m\000b\000e\000r}{section.5.5}% 45
\BOOKMARK [2][-]{subsection.5.5.3}{\376\377\000H\000a\000r\000c\000o\000d\000e\000d\000\040\000I\000P\000\040\000a\000d\000d\000r\000e\000s\000s}{section.5.5}% 46
\BOOKMARK [1][-]{section.5.6}{\376\377\000F\000u\000t\000u\000r\000e\000\040\000W\000o\000r\000k}{chapter.5}% 47
\BOOKMARK [2][-]{subsection.5.6.1}{\376\377\000L\000o\000c\000a\000l\000\040\000n\000e\000t\000w\000o\000r\000k\000\040\000l\000i\000m\000i\000t}{section.5.6}% 48
\BOOKMARK [2][-]{subsection.5.6.2}{\376\377\000G\000o\000o\000g\000l\000e\000\040\000C\000R\000L\000\040\000f\000e\000t\000c\000h}{section.5.6}% 49
\BOOKMARK [0][-]{chapter.6}{\376\377\000C\000o\000n\000c\000l\000u\000s\000i\000o\000n\000s}{}% 50
\BOOKMARK [0][-]{appendix.A}{\376\377\000U\000s\000e\000r\000\040\000M\000a\000n\000u\000a\000l}{}% 51
\BOOKMARK [1][-]{section.A.1}{\376\377\000H\000o\000w\000\040\000t\000h\000e\000\040\000a\000p\000p\000l\000i\000c\000a\000t\000i\000o\000n\000s\000\040\000w\000o\000r\000k}{appendix.A}% 52
\BOOKMARK [2][-]{subsection.A.1.1}{\376\377\000C\000l\000i\000e\000n\000t}{section.A.1}% 53
\BOOKMARK [2][-]{subsection.A.1.2}{\376\377\000S\000e\000r\000v\000e\000r}{section.A.1}% 54
\BOOKMARK [1][-]{section.A.2}{\376\377\000F\000i\000n\000a\000l\000\040\000v\000e\000r\000i\000f\000i\000c\000a\000t\000i\000o\000n\000\040\000s\000u\000c\000c\000e\000s\000s\000f\000u\000l\000l}{appendix.A}% 55
\BOOKMARK [1][-]{section.A.3}{\376\377\000F\000i\000n\000a\000l\000\040\000v\000e\000r\000i\000f\000i\000c\000a\000t\000i\000o\000n\000\040\000f\000a\000i\000l\000e\000d}{appendix.A}% 56
