This is pdfTeX, Version 3.141592653-2.6-1.40.25 (MiKTeX 24.1) (preloaded format=pdflatex 2024.2.3)  17 APR 2024 12:37
entering extended mode
 restricted \write18 enabled.
 file:line:error style messages enabled.
 %&-line parsing enabled.
**"c:/Users/Lorenzo/Documents/CYBERSECURITY FOR EMBEDDED SYSTEMS/PROJECTS/Track09/mobile_devices_autentication/Documentation/report.tex"
(c:/Users/Lorenzo/Documents/CYBERSECURITY FOR EMBEDDED SYSTEMS/PROJECTS/Track09/mobile_devices_autentication/Documentation/report.tex
LaTeX2e <2023-11-01> patch level 1
L3 programming layer <2024-01-22>
(C:\Users\Lorenzo\AppData\Local\Programs\MiKTeX\tex/latex/base\book.cls
Document Class: book 2023/05/17 v1.4n Standard LaTeX document class
(C:\Users\Lorenzo\AppData\Local\Programs\MiKTeX\tex/latex/base\bk10.clo
File: bk10.clo 2023/05/17 v1.4n Standard LaTeX file (size option)
)
\c@part=\count187
\c@chapter=\count188
\c@section=\count189
\c@subsection=\count190
\c@subsubsection=\count191
\c@paragraph=\count192
\c@subparagraph=\count193
\c@figure=\count194
\c@table=\count195
\abovecaptionskip=\skip48
\belowcaptionskip=\skip49
\bibindent=\dimen140
) (C:\Users\Lorenzo\AppData\Local\Programs\MiKTeX\tex/generic/babel\babel.sty
Package: babel 2024/01/07 v24.1 The Babel package
\babel@savecnt=\count196
\U@D=\dimen141
\l@unhyphenated=\language79
 (C:\Users\Lorenzo\AppData\Local\Programs\MiKTeX\tex/generic/babel\txtbabel.def)
\bbl@readstream=\read2
\bbl@dirlevel=\count197

*************************************
* Local config file bblopts.cfg used
*
(C:\Users\Lorenzo\AppData\Local\Programs\MiKTeX\tex/latex/arabi\bblopts.cfg
File: bblopts.cfg 2005/09/08 v0.1 add Arabic and Farsi to "declared" options of babel
) (C:\Users\Lorenzo\AppData\Local\Programs\MiKTeX\tex/latex/babel-english\english.ldf
Language: english 2017/06/06 v3.3r English support from the babel system
Package babel Info: Hyphen rules for 'canadian' set to \l@english
(babel)             (\language0). Reported on input line 102.
Package babel Info: Hyphen rules for 'australian' set to \l@ukenglish
(babel)             (\language73). Reported on input line 105.
Package babel Info: Hyphen rules for 'newzealand' set to \l@ukenglish
(babel)             (\language73). Reported on input line 108.
)) (C:\Users\Lorenzo\AppData\Local\Programs\MiKTeX\tex/generic/babel/locale/en\babel-english.tex
Package babel Info: Importing font and identification data for english
(babel)             from babel-en.ini. Reported on input line 11.
) (C:\Users\Lorenzo\AppData\Local\Programs\MiKTeX\tex/latex/fancyhdr\fancyhdr.sty
Package: fancyhdr 2022/11/09 v4.1 Extensive control of page headers and footers
\f@nch@headwidth=\skip50
\f@nch@O@elh=\skip51
\f@nch@O@erh=\skip52
\f@nch@O@olh=\skip53
\f@nch@O@orh=\skip54
\f@nch@O@elf=\skip55
\f@nch@O@erf=\skip56
\f@nch@O@olf=\skip57
\f@nch@O@orf=\skip58
) (C:\Users\Lorenzo\AppData\Local\Programs\MiKTeX\tex/latex/base\makeidx.sty
Package: makeidx 2021/10/04 v1.0m Standard LaTeX package
) (C:\Users\Lorenzo\AppData\Local\Programs\MiKTeX\tex/latex/titlesec\titlesec.sty
Package: titlesec 2023/10/27 v2.16 Sectioning titles
\ttl@box=\box51
\beforetitleunit=\skip59
\aftertitleunit=\skip60
\ttl@plus=\dimen142
\ttl@minus=\dimen143
\ttl@toksa=\toks17
\titlewidth=\dimen144
\titlewidthlast=\dimen145
\titlewidthfirst=\dimen146
) (C:\Users\Lorenzo\AppData\Local\Programs\MiKTeX\tex/latex/listings\listings.sty (C:\Users\Lorenzo\AppData\Local\Programs\MiKTeX\tex/latex/graphics\keyval.sty
Package: keyval 2022/05/29 v1.15 key=value parser (DPC)
\KV@toks@=\toks18
)
\lst@mode=\count198
\lst@gtempboxa=\box52
\lst@token=\toks19
\lst@length=\count199
\lst@currlwidth=\dimen147
\lst@column=\count266
\lst@pos=\count267
\lst@lostspace=\dimen148
\lst@width=\dimen149
\lst@newlines=\count268
\lst@lineno=\count269
\lst@maxwidth=\dimen150
 (C:\Users\Lorenzo\AppData\Local\Programs\MiKTeX\tex/latex/listings\lstmisc.sty
File: lstmisc.sty 2023/02/27 1.9 (Carsten Heinz)
\c@lstnumber=\count270
\lst@skipnumbers=\count271
\lst@framebox=\box53
) (C:\Users\Lorenzo\AppData\Local\Programs\MiKTeX\tex/latex/listings\listings.cfg
File: listings.cfg 2023/02/27 1.9 listings configuration
))
Package: listings 2023/02/27 1.9 (Carsten Heinz)
 (C:\Users\Lorenzo\AppData\Local\Programs\MiKTeX\tex/latex/booktabs\booktabs.sty
Package: booktabs 2020/01/12 v1.61803398 Publication quality tables
\heavyrulewidth=\dimen151
\lightrulewidth=\dimen152
\cmidrulewidth=\dimen153
\belowrulesep=\dimen154
\belowbottomsep=\dimen155
\aboverulesep=\dimen156
\abovetopsep=\dimen157
\cmidrulesep=\dimen158
\cmidrulekern=\dimen159
\defaultaddspace=\dimen160
\@cmidla=\count272
\@cmidlb=\count273
\@aboverulesep=\dimen161
\@belowrulesep=\dimen162
\@thisruleclass=\count274
\@lastruleclass=\count275
\@thisrulewidth=\dimen163
) (C:\Users\Lorenzo\AppData\Local\Programs\MiKTeX\tex/latex/hyperref\hyperref.sty
Package: hyperref 2024-01-20 v7.01h Hypertext links for LaTeX
 (C:\Users\Lorenzo\AppData\Local\Programs\MiKTeX\tex/generic/iftex\iftex.sty
Package: iftex 2022/02/03 v1.0f TeX engine tests
) (C:\Users\Lorenzo\AppData\Local\Programs\MiKTeX\tex/latex/kvsetkeys\kvsetkeys.sty
Package: kvsetkeys 2022-10-05 v1.19 Key value parser (HO)
) (C:\Users\Lorenzo\AppData\Local\Programs\MiKTeX\tex/generic/kvdefinekeys\kvdefinekeys.sty
Package: kvdefinekeys 2019-12-19 v1.6 Define keys (HO)
) (C:\Users\Lorenzo\AppData\Local\Programs\MiKTeX\tex/generic/pdfescape\pdfescape.sty
Package: pdfescape 2019/12/09 v1.15 Implements pdfTeX's escape features (HO)
 (C:\Users\Lorenzo\AppData\Local\Programs\MiKTeX\tex/generic/ltxcmds\ltxcmds.sty
Package: ltxcmds 2023-12-04 v1.26 LaTeX kernel commands for general use (HO)
) (C:\Users\Lorenzo\AppData\Local\Programs\MiKTeX\tex/generic/pdftexcmds\pdftexcmds.sty
Package: pdftexcmds 2020-06-27 v0.33 Utility functions of pdfTeX for LuaTeX (HO)
 (C:\Users\Lorenzo\AppData\Local\Programs\MiKTeX\tex/generic/infwarerr\infwarerr.sty
Package: infwarerr 2019/12/03 v1.5 Providing info/warning/error messages (HO)
)
Package pdftexcmds Info: \pdf@primitive is available.
Package pdftexcmds Info: \pdf@ifprimitive is available.
Package pdftexcmds Info: \pdfdraftmode found.
)) (C:\Users\Lorenzo\AppData\Local\Programs\MiKTeX\tex/latex/hycolor\hycolor.sty
Package: hycolor 2020-01-27 v1.10 Color options for hyperref/bookmark (HO)
) (C:\Users\Lorenzo\AppData\Local\Programs\MiKTeX\tex/latex/auxhook\auxhook.sty
Package: auxhook 2019-12-17 v1.6 Hooks for auxiliary files (HO)
) (C:\Users\Lorenzo\AppData\Local\Programs\MiKTeX\tex/latex/hyperref\nameref.sty
Package: nameref 2023-11-26 v2.56 Cross-referencing by name of section
 (C:\Users\Lorenzo\AppData\Local\Programs\MiKTeX\tex/latex/refcount\refcount.sty
Package: refcount 2019/12/15 v3.6 Data extraction from label references (HO)
) (C:\Users\Lorenzo\AppData\Local\Programs\MiKTeX\tex/generic/gettitlestring\gettitlestring.sty
Package: gettitlestring 2019/12/15 v1.6 Cleanup title references (HO)
 (C:\Users\Lorenzo\AppData\Local\Programs\MiKTeX\tex/latex/kvoptions\kvoptions.sty
Package: kvoptions 2022-06-15 v3.15 Key value format for package options (HO)
))
\c@section@level=\count276
) (C:\Users\Lorenzo\AppData\Local\Programs\MiKTeX\tex/latex/etoolbox\etoolbox.sty
Package: etoolbox 2020/10/05 v2.5k e-TeX tools for LaTeX (JAW)
\etb@tempcnta=\count277
)
\@linkdim=\dimen164
\Hy@linkcounter=\count278
\Hy@pagecounter=\count279
 (C:\Users\Lorenzo\AppData\Local\Programs\MiKTeX\tex/latex/hyperref\pd1enc.def
File: pd1enc.def 2024-01-20 v7.01h Hyperref: PDFDocEncoding definition (HO)
Now handling font encoding PD1 ...
... no UTF-8 mapping file for font encoding PD1
) (C:\Users\Lorenzo\AppData\Local\Programs\MiKTeX\tex/generic/intcalc\intcalc.sty
Package: intcalc 2019/12/15 v1.3 Expandable calculations with integers (HO)
)
\Hy@SavedSpaceFactor=\count280
 (C:\Users\Lorenzo\AppData\Local\Programs\MiKTeX\tex/latex/hyperref\puenc.def
File: puenc.def 2024-01-20 v7.01h Hyperref: PDF Unicode definition (HO)
Now handling font encoding PU ...
... no UTF-8 mapping file for font encoding PU
)
Package hyperref Info: Hyper figures OFF on input line 4179.
Package hyperref Info: Link nesting OFF on input line 4184.
Package hyperref Info: Hyper index ON on input line 4187.
Package hyperref Info: Plain pages OFF on input line 4194.
Package hyperref Info: Backreferencing OFF on input line 4199.
Package hyperref Info: Implicit mode ON; LaTeX internals redefined.
Package hyperref Info: Bookmarks ON on input line 4446.
\c@Hy@tempcnt=\count281
 (C:\Users\Lorenzo\AppData\Local\Programs\MiKTeX\tex/latex/url\url.sty
\Urlmuskip=\muskip16
Package: url 2013/09/16  ver 3.4  Verb mode for urls, etc.
)
LaTeX Info: Redefining \url on input line 4784.
\XeTeXLinkMargin=\dimen165
 (C:\Users\Lorenzo\AppData\Local\Programs\MiKTeX\tex/generic/bitset\bitset.sty
Package: bitset 2019/12/09 v1.3 Handle bit-vector datatype (HO)
 (C:\Users\Lorenzo\AppData\Local\Programs\MiKTeX\tex/generic/bigintcalc\bigintcalc.sty
Package: bigintcalc 2019/12/15 v1.5 Expandable calculations on big integers (HO)
))
\Fld@menulength=\count282
\Field@Width=\dimen166
\Fld@charsize=\dimen167
Package hyperref Info: Hyper figures OFF on input line 6063.
Package hyperref Info: Link nesting OFF on input line 6068.
Package hyperref Info: Hyper index ON on input line 6071.
Package hyperref Info: backreferencing OFF on input line 6078.
Package hyperref Info: Link coloring OFF on input line 6083.
Package hyperref Info: Link coloring with OCG OFF on input line 6088.
Package hyperref Info: PDF/A mode OFF on input line 6093.
 (C:\Users\Lorenzo\AppData\Local\Programs\MiKTeX\tex/latex/base\atbegshi-ltx.sty
Package: atbegshi-ltx 2021/01/10 v1.0c Emulation of the original atbegshi
package with kernel methods
)
\Hy@abspage=\count283
\c@Item=\count284
\c@Hfootnote=\count285
)
Package hyperref Info: Driver (autodetected): hpdftex.
 (C:\Users\Lorenzo\AppData\Local\Programs\MiKTeX\tex/latex/hyperref\hpdftex.def
File: hpdftex.def 2024-01-20 v7.01h Hyperref driver for pdfTeX
 (C:\Users\Lorenzo\AppData\Local\Programs\MiKTeX\tex/latex/base\atveryend-ltx.sty
Package: atveryend-ltx 2020/08/19 v1.0a Emulation of the original atveryend package
with kernel methods
)
\Fld@listcount=\count286
\c@bookmark@seq@number=\count287
 (C:\Users\Lorenzo\AppData\Local\Programs\MiKTeX\tex/latex/rerunfilecheck\rerunfilecheck.sty
Package: rerunfilecheck 2022-07-10 v1.10 Rerun checks for auxiliary files (HO)
 (C:\Users\Lorenzo\AppData\Local\Programs\MiKTeX\tex/generic/uniquecounter\uniquecounter.sty
Package: uniquecounter 2019/12/15 v1.4 Provide unlimited unique counter (HO)
)
Package uniquecounter Info: New unique counter `rerunfilecheck' on input line 285.
)
\Hy@SectionHShift=\skip61
) (C:\Users\Lorenzo\AppData\Local\Programs\MiKTeX\tex/latex/xcolor\xcolor.sty
Package: xcolor 2023/11/15 v3.01 LaTeX color extensions (UK)
 (C:\Users\Lorenzo\AppData\Local\Programs\MiKTeX\tex/latex/graphics-cfg\color.cfg
File: color.cfg 2016/01/02 v1.6 sample color configuration
)
Package xcolor Info: Driver file: pdftex.def on input line 274.
 (C:\Users\Lorenzo\AppData\Local\Programs\MiKTeX\tex/latex/graphics-def\pdftex.def
File: pdftex.def 2022/09/22 v1.2b Graphics/color driver for pdftex
) (C:\Users\Lorenzo\AppData\Local\Programs\MiKTeX\tex/latex/graphics\mathcolor.ltx)
Package xcolor Info: Model `cmy' substituted by `cmy0' on input line 1350.
Package xcolor Info: Model `hsb' substituted by `rgb' on input line 1354.
Package xcolor Info: Model `RGB' extended on input line 1366.
Package xcolor Info: Model `HTML' substituted by `rgb' on input line 1368.
Package xcolor Info: Model `Hsb' substituted by `hsb' on input line 1369.
Package xcolor Info: Model `tHsb' substituted by `hsb' on input line 1370.
Package xcolor Info: Model `HSB' substituted by `hsb' on input line 1371.
Package xcolor Info: Model `Gray' substituted by `gray' on input line 1372.
Package xcolor Info: Model `wave' substituted by `hsb' on input line 1373.
) (C:\Users\Lorenzo\AppData\Local\Programs\MiKTeX\tex/latex/graphics\graphicx.sty
Package: graphicx 2021/09/16 v1.2d Enhanced LaTeX Graphics (DPC,SPQR)
 (C:\Users\Lorenzo\AppData\Local\Programs\MiKTeX\tex/latex/graphics\graphics.sty
Package: graphics 2022/03/10 v1.4e Standard LaTeX Graphics (DPC,SPQR)
 (C:\Users\Lorenzo\AppData\Local\Programs\MiKTeX\tex/latex/graphics\trig.sty
Package: trig 2021/08/11 v1.11 sin cos tan (DPC)
) (C:\Users\Lorenzo\AppData\Local\Programs\MiKTeX\tex/latex/graphics-cfg\graphics.cfg
File: graphics.cfg 2016/06/04 v1.11 sample graphics configuration
)
Package graphics Info: Driver file: pdftex.def on input line 107.
)
\Gin@req@height=\dimen168
\Gin@req@width=\dimen169
) (C:\Users\Lorenzo\AppData\Local\Programs\MiKTeX\tex/latex/amsmath\amsmath.sty
Package: amsmath 2023/05/13 v2.17o AMS math features
\@mathmargin=\skip62

For additional information on amsmath, use the `?' option.
(C:\Users\Lorenzo\AppData\Local\Programs\MiKTeX\tex/latex/amsmath\amstext.sty
Package: amstext 2021/08/26 v2.01 AMS text
 (C:\Users\Lorenzo\AppData\Local\Programs\MiKTeX\tex/latex/amsmath\amsgen.sty
File: amsgen.sty 1999/11/30 v2.0 generic functions
\@emptytoks=\toks20
\ex@=\dimen170
)) (C:\Users\Lorenzo\AppData\Local\Programs\MiKTeX\tex/latex/amsmath\amsbsy.sty
Package: amsbsy 1999/11/29 v1.2d Bold Symbols
\pmbraise@=\dimen171
) (C:\Users\Lorenzo\AppData\Local\Programs\MiKTeX\tex/latex/amsmath\amsopn.sty
Package: amsopn 2022/04/08 v2.04 operator names
)
\inf@bad=\count288
LaTeX Info: Redefining \frac on input line 234.
\uproot@=\count289
\leftroot@=\count290
LaTeX Info: Redefining \overline on input line 399.
LaTeX Info: Redefining \colon on input line 410.
\classnum@=\count291
\DOTSCASE@=\count292
LaTeX Info: Redefining \ldots on input line 496.
LaTeX Info: Redefining \dots on input line 499.
LaTeX Info: Redefining \cdots on input line 620.
\Mathstrutbox@=\box54
\strutbox@=\box55
LaTeX Info: Redefining \big on input line 722.
LaTeX Info: Redefining \Big on input line 723.
LaTeX Info: Redefining \bigg on input line 724.
LaTeX Info: Redefining \Bigg on input line 725.
\big@size=\dimen172
LaTeX Font Info:    Redeclaring font encoding OML on input line 743.
LaTeX Font Info:    Redeclaring font encoding OMS on input line 744.
\macc@depth=\count293
LaTeX Info: Redefining \bmod on input line 905.
LaTeX Info: Redefining \pmod on input line 910.
LaTeX Info: Redefining \smash on input line 940.
LaTeX Info: Redefining \relbar on input line 970.
LaTeX Info: Redefining \Relbar on input line 971.
\c@MaxMatrixCols=\count294
\dotsspace@=\muskip17
\c@parentequation=\count295
\dspbrk@lvl=\count296
\tag@help=\toks21
\row@=\count297
\column@=\count298
\maxfields@=\count299
\andhelp@=\toks22
\eqnshift@=\dimen173
\alignsep@=\dimen174
\tagshift@=\dimen175
\tagwidth@=\dimen176
\totwidth@=\dimen177
\lineht@=\dimen178
\@envbody=\toks23
\multlinegap=\skip63
\multlinetaggap=\skip64
\mathdisplay@stack=\toks24
LaTeX Info: Redefining \[ on input line 2953.
LaTeX Info: Redefining \] on input line 2954.
) (C:\Users\Lorenzo\AppData\Local\Programs\MiKTeX\tex/latex/amsfonts\amsfonts.sty
Package: amsfonts 2013/01/14 v3.01 Basic AMSFonts support
\symAMSa=\mathgroup4
\symAMSb=\mathgroup5
LaTeX Font Info:    Redeclaring math symbol \hbar on input line 98.
LaTeX Font Info:    Overwriting math alphabet `\mathfrak' in version `bold'
(Font)                  U/euf/m/n --> U/euf/b/n on input line 106.
) (C:\Users\Lorenzo\AppData\Local\Programs\MiKTeX\tex/latex/amscls\amsthm.sty
Package: amsthm 2020/05/29 v2.20.6
\thm@style=\toks25
\thm@bodyfont=\toks26
\thm@headfont=\toks27
\thm@notefont=\toks28
\thm@headpunct=\toks29
\thm@preskip=\skip65
\thm@postskip=\skip66
\thm@headsep=\skip67
\dth@everypar=\toks30
) (C:\Users\Lorenzo\AppData\Local\Programs\MiKTeX\tex/latex/amsfonts\amssymb.sty
Package: amssymb 2013/01/14 v3.01 AMS font symbols
) (C:\Users\Lorenzo\AppData\Local\Programs\MiKTeX\tex/latex/caption\caption.sty
Package: caption 2023/08/05 v3.6o Customizing captions (AR)
 (C:\Users\Lorenzo\AppData\Local\Programs\MiKTeX\tex/latex/caption\caption3.sty
Package: caption3 2023/07/31 v2.4d caption3 kernel (AR)
\caption@tempdima=\dimen179
\captionmargin=\dimen180
\caption@leftmargin=\dimen181
\caption@rightmargin=\dimen182
\caption@width=\dimen183
\caption@indent=\dimen184
\caption@parindent=\dimen185
\caption@hangindent=\dimen186
Package caption Info: Standard document class detected.
)
\c@caption@flags=\count300
\c@continuedfloat=\count301
Package caption Info: hyperref package is loaded.
Package caption Info: listings package is loaded.
) (C:\Users\Lorenzo\AppData\Local\Programs\MiKTeX\tex/latex/float\float.sty
Package: float 2001/11/08 v1.3d Float enhancements (AL)
\c@float@type=\count302
\float@exts=\toks31
\float@box=\box56
\@float@everytoks=\toks32
\@floatcapt=\box57
) (C:\Users\Lorenzo\AppData\Local\Programs\MiKTeX\tex/latex/mathtools\empheq.sty
Package: empheq 2017/03/31 v2.15 Emphasizing equations
 (C:\Users\Lorenzo\AppData\Local\Programs\MiKTeX\tex/latex/mathtools\mhsetup.sty
Package: mhsetup 2021/03/18 v1.4 programming setup (MH)
) (C:\Users\Lorenzo\AppData\Local\Programs\MiKTeX\tex/latex/mathtools\mathtools.sty
Package: mathtools 2022/06/29 v1.29 mathematical typesetting tools
 (C:\Users\Lorenzo\AppData\Local\Programs\MiKTeX\tex/latex/tools\calc.sty
Package: calc 2023/07/08 v4.3 Infix arithmetic (KKT,FJ)
\calc@Acount=\count303
\calc@Bcount=\count304
\calc@Adimen=\dimen187
\calc@Bdimen=\dimen188
\calc@Askip=\skip68
\calc@Bskip=\skip69
LaTeX Info: Redefining \setlength on input line 80.
LaTeX Info: Redefining \addtolength on input line 81.
\calc@Ccount=\count305
\calc@Cskip=\skip70
)
\g_MT_multlinerow_int=\count306
\l_MT_multwidth_dim=\dimen189
\origjot=\skip71
\l_MT_shortvdotswithinadjustabove_dim=\dimen190
\l_MT_shortvdotswithinadjustbelow_dim=\dimen191
\l_MT_above_intertext_sep=\dimen192
\l_MT_below_intertext_sep=\dimen193
\l_MT_above_shortintertext_sep=\dimen194
\l_MT_below_shortintertext_sep=\dimen195
\xmathstrut@box=\box58
\xmathstrut@dim=\dimen196
)
\l_EQ_equationtype_int=\count307
\l_EQ_alignmentmode_int=\count308
\l_EQ_totalwidth_dim=\dimen197
\l_EQ_displaywidth_dim=\dimen198
\l_EQ_temp_linewidth_dim=\dimen199
\l_EQ_linewidth_dim=\dimen256
\EmphEqdelimitershortfall=\dimen257
\EmphEqdelimiterfactor=\count309
\g_EQ_toptag_height_dim=\dimen258
\g_EQ_bottomtag_depth_dim=\dimen259
\g_EQ_toprow_height_dim=\dimen260
\g_EQ_bottomrow_depth_dim=\dimen261
\g_EQ_widesttag_dim=\dimen262
\EQ_mathdisplay_box=\box59
\EQ_tag_box=\box60
\g_EQ_temprow_int=\count310
) (C:\Users\Lorenzo\AppData\Local\Programs\MiKTeX\tex/latex/tools\verbatim.sty
Package: verbatim 2023-11-06 v1.5v LaTeX2e package for verbatim enhancements
\every@verbatim=\toks33
\verbatim@line=\toks34
\verbatim@in@stream=\read3
) (C:\Users\Lorenzo\AppData\Local\Programs\MiKTeX\tex/latex/fancyvrb\fancyvrb.sty
Package: fancyvrb 2024/01/20 4.5c verbatim text (tvz,hv)
\FV@CodeLineNo=\count311
\FV@InFile=\read4
\FV@TabBox=\box61
\c@FancyVerbLine=\count312
\FV@StepNumber=\count313
\FV@OutFile=\write3
)
\@indexfile=\write4
\openout4 = `report.idx'.


Writing index file report.idx
(C:\Users\Lorenzo\AppData\Local\Programs\MiKTeX\tex/latex/l3backend\l3backend-pdftex.def
File: l3backend-pdftex.def 2024-01-04 L3 backend support: PDF output (pdfTeX)
\l__color_backend_stack_int=\count314
\l__pdf_internal_box=\box62
)

LaTeX Warning: Unused global option(s):
    [makeidx].

(report.aux

LaTeX Warning: Label `Keystore' multiply defined.

)
\openout1 = `report.aux'.

LaTeX Font Info:    Checking defaults for OML/cmm/m/it on input line 67.
LaTeX Font Info:    ... okay on input line 67.
LaTeX Font Info:    Checking defaults for OMS/cmsy/m/n on input line 67.
LaTeX Font Info:    ... okay on input line 67.
LaTeX Font Info:    Checking defaults for OT1/cmr/m/n on input line 67.
LaTeX Font Info:    ... okay on input line 67.
LaTeX Font Info:    Checking defaults for T1/cmr/m/n on input line 67.
LaTeX Font Info:    ... okay on input line 67.
LaTeX Font Info:    Checking defaults for TS1/cmr/m/n on input line 67.
LaTeX Font Info:    ... okay on input line 67.
LaTeX Font Info:    Checking defaults for OMX/cmex/m/n on input line 67.
LaTeX Font Info:    ... okay on input line 67.
LaTeX Font Info:    Checking defaults for U/cmr/m/n on input line 67.
LaTeX Font Info:    ... okay on input line 67.
LaTeX Font Info:    Checking defaults for PD1/pdf/m/n on input line 67.
LaTeX Font Info:    ... okay on input line 67.
LaTeX Font Info:    Checking defaults for PU/pdf/m/n on input line 67.
LaTeX Font Info:    ... okay on input line 67.
\c@lstlisting=\count315
Package hyperref Info: Link coloring OFF on input line 67.
 (report.out) (report.out)
\@outlinefile=\write5
\openout5 = `report.out'.

 (C:\Users\Lorenzo\AppData\Local\Programs\MiKTeX\tex/context/base/mkii\supp-pdf.mkii
[Loading MPS to PDF converter (version 2006.09.02).]
\scratchcounter=\count316
\scratchdimen=\dimen263
\scratchbox=\box63
\nofMPsegments=\count317
\nofMParguments=\count318
\everyMPshowfont=\toks35
\MPscratchCnt=\count319
\MPscratchDim=\dimen264
\MPnumerator=\count320
\makeMPintoPDFobject=\count321
\everyMPtoPDFconversion=\toks36
) (C:\Users\Lorenzo\AppData\Local\Programs\MiKTeX\tex/latex/epstopdf-pkg\epstopdf-base.sty
Package: epstopdf-base 2020-01-24 v2.11 Base part for package epstopdf
Package epstopdf-base Info: Redefining graphics rule for `.eps' on input line 485.
 (C:\Users\Lorenzo\AppData\Local\Programs\MiKTeX\tex/latex/00miktex\epstopdf-sys.cfg
File: epstopdf-sys.cfg 2021/03/18 v2.0 Configuration of epstopdf for MiKTeX
))
Package caption Info: Begin \AtBeginDocument code.
Package caption Info: float package is loaded.
Package caption Info: End \AtBeginDocument code.
<./logopolitonuovo.jpeg, id=227, 401.8212pt x 401.8212pt>
File: ./logopolitonuovo.jpeg Graphic file (type jpg)
<use ./logopolitonuovo.jpeg>
Package pdftex.def Info: ./logopolitonuovo.jpeg  used on input line 73.
(pdftex.def)             Requested size: 170.71652pt x 170.71962pt.
LaTeX Font Info:    Trying to load font information for U+msa on input line 94.
 (C:\Users\Lorenzo\AppData\Local\Programs\MiKTeX\tex/latex/amsfonts\umsa.fd
File: umsa.fd 2013/01/14 v3.01 AMS symbols A
)
LaTeX Font Info:    Trying to load font information for U+msb on input line 94.
 (C:\Users\Lorenzo\AppData\Local\Programs\MiKTeX\tex/latex/amsfonts\umsb.fd
File: umsb.fd 2013/01/14 v3.01 AMS symbols B
) [1



{C:/Users/Lorenzo/AppData/Local/MiKTeX/fonts/map/pdftex/pdftex.map} <./logopolitonuovo.jpeg>] (report.toc
pdfTeX warning (ext4): destination with the same identifier (name{page.i}) has been already used, duplicate ignored
<to be read again> 
                   \relax 
l.38 ... {4.6.2}Server Side}{16}{subsection.4.6.2}
                                                  % [1

])
\tf@toc=\write6
\openout6 = `report.toc'.

 [2] (report.lof)
\tf@lof=\write7
\openout7 = `report.lof'.

 [3

] (chapters/abstract.tex) (chapters/introduction.tex [1


]
Chapter 1.
) (chapters/background.tex [2

]
Chapter 2.
[3

] [4] [5]) (chapters/overview.tex [6]
Chapter 3.
<images/icons.jpeg, id=360, 610.28pt x 349.305pt>
File: images/icons.jpeg Graphic file (type jpg)
<use images/icons.jpeg>
Package pdftex.def Info: images/icons.jpeg  used on input line 14.
(pdftex.def)             Requested size: 122.05383pt x 69.85976pt.
<images/Socket.jpg, id=361, 722.7pt x 392.96812pt>
File: images/Socket.jpg Graphic file (type jpg)
<use images/Socket.jpg>
Package pdftex.def Info: images/Socket.jpg  used on input line 21.
(pdftex.def)             Requested size: 252.94878pt x 137.5409pt.
<images/certificateChain.jpg, id=362, 963.6pt x 623.32875pt>
File: images/certificateChain.jpg Graphic file (type jpg)
<use images/certificateChain.jpg>
Package pdftex.def Info: images/certificateChain.jpg  used on input line 31.
(pdftex.def)             Requested size: 240.89941pt x 155.8318pt.
[7

 <./images/icons.jpeg> <./images/Socket.jpg>]
<images/sign.jpg, id=367, 255.20343pt x 414.04688pt>
File: images/sign.jpg Graphic file (type jpg)
<use images/sign.jpg>
Package pdftex.def Info: images/sign.jpg  used on input line 41.
(pdftex.def)             Requested size: 102.07956pt x 165.6158pt.
 [8 <./images/certificateChain.jpg> <./images/sign.jpg>]
<images/verify.jpg, id=374, 280.04625pt x 418.56375pt>
File: images/verify.jpg Graphic file (type jpg)
<use images/verify.jpg>
Package pdftex.def Info: images/verify.jpg  used on input line 57.
(pdftex.def)             Requested size: 112.0165pt x 167.42252pt.
) (chapters/implementation.tex [9 <./images/verify.jpg>]
Chapter 4.
[10

] [11]
Overfull \hbox (21.98677pt too wide) in paragraph at lines 55--56
[][][][][][][][][][][][][][][][][] 
 []


Overfull \hbox (21.98677pt too wide) in paragraph at lines 56--57
[][][][][][][][][][][][][][][][][][][][][][][][][] 
 []


Overfull \hbox (21.98677pt too wide) in paragraph at lines 57--58
[][][][][][][][][][][][][][][][][][][][] 
 []


Overfull \hbox (21.98677pt too wide) in paragraph at lines 58--59
[][][][][][][][][][][][][][][][][][][][][][] 
 []


Overfull \hbox (3.98659pt too wide) in paragraph at lines 66--67
[][][][][][][][][][][][][][][][][][][][][][][][][][][] 
 []


Overfull \hbox (3.98659pt too wide) in paragraph at lines 67--68
[][][][][][][][][][][][][][][][][][][][][][][][][][][][] 
 []


Overfull \hbox (3.98659pt too wide) in paragraph at lines 68--69
[][][][][][][][][][][][][][][][][] 
 []

[12]
Overfull \hbox (21.98677pt too wide) in paragraph at lines 92--93
[][][][][][][][][][][][][][][][][][][][][][][][][][][][][] 
 []


Overfull \hbox (21.98677pt too wide) in paragraph at lines 93--94
[][][][][][][][][][][][][][][][][] 
 []


Overfull \hbox (21.98677pt too wide) in paragraph at lines 95--96
[][][][][][][][][][][][][][][][][] 
 []


Overfull \hbox (21.98677pt too wide) in paragraph at lines 96--97
[][][][][][][][][][][][][][][][][][][][][] 
 []


Overfull \hbox (57.98714pt too wide) in paragraph at lines 102--103
[][][][][][][][][][][][][][][][][][][][][][][][][] 
 []


Overfull \hbox (57.98714pt too wide) in paragraph at lines 104--106
[][][][][][][][][][][][][][][][][][][][][][][] 
 []


Overfull \hbox (57.98714pt too wide) in paragraph at lines 113--115
[][][][][][][][][][][][][][][][][][] 
 []


Overfull \hbox (3.98659pt too wide) in paragraph at lines 116--117
[][][][][][][][][][][][][][][][][][][][][][][][][][][][][][][] 
 []


Overfull \hbox (3.98659pt too wide) in paragraph at lines 117--118
[][][][][][][][][][][][][][][][][][][][][][][][][][][] 
 []


Overfull \hbox (3.98659pt too wide) in paragraph at lines 119--120
[][][][][][][][][][][][][][][][][][][][][][][] 
 []

[13] [14]
Underfull \hbox (badness 10000) in paragraph at lines 153--158

 []

[15] [16]) (chapters/results.tex [17]
Chapter 5.

Underfull \hbox (badness 10000) in paragraph at lines 13--18

 []

[18

]
<images/success_client.jpeg, id=499, 755.82375pt x 1606.0pt>
File: images/success_client.jpeg Graphic file (type jpg)
<use images/success_client.jpeg>
Package pdftex.def Info: images/success_client.jpeg  used on input line 23.
(pdftex.def)             Requested size: 151.16206pt x 321.19432pt.
<images/fail_client.jpeg, id=500, 757.83125pt x 1606.0pt>
File: images/fail_client.jpeg Graphic file (type jpg)
<use images/fail_client.jpeg>
Package pdftex.def Info: images/fail_client.jpeg  used on input line 30.
(pdftex.def)             Requested size: 151.56357pt x 321.19432pt.
 [19 <./images/success_client.jpeg>] [20 <./images/fail_client.jpeg>]) (chapters/conclusions.tex [21]
Chapter 6.
) (chapters/references.tex [22

]) (appendices/usermanual.tex [23

]
Appendix A.
<images/open_client.jpeg, id=530, 760.8425pt x 1606.0pt>
File: images/open_client.jpeg Graphic file (type jpg)
<use images/open_client.jpeg>
Package pdftex.def Info: images/open_client.jpeg  used on input line 11.
(pdftex.def)             Requested size: 129.3415pt x 273.01639pt.
[24

 <./images/open_client.jpeg>]
<images/before_send_server.jpeg, id=535, 757.83125pt x 1606.0pt>
File: images/before_send_server.jpeg Graphic file (type jpg)
<use images/before_send_server.jpeg>
Package pdftex.def Info: images/before_send_server.jpeg  used on input line 22.
(pdftex.def)             Requested size: 90.93582pt x 192.71169pt.
<images/wait_for_clients.jpeg, id=536, 757.83125pt x 1606.0pt>
File: images/wait_for_clients.jpeg Graphic file (type jpg)
<use images/wait_for_clients.jpeg>
Package pdftex.def Info: images/wait_for_clients.jpeg  used on input line 24.
(pdftex.def)             Requested size: 90.93582pt x 192.71169pt.
<images/after_send_server.jpeg, id=537, 752.8125pt x 1606.0pt>
File: images/after_send_server.jpeg Graphic file (type jpg)
<use images/after_send_server.jpeg>
Package pdftex.def Info: images/after_send_server.jpeg  used on input line 26.
(pdftex.def)             Requested size: 90.33359pt x 192.71169pt.
File: images/success_client.jpeg Graphic file (type jpg)
<use images/success_client.jpeg>
Package pdftex.def Info: images/success_client.jpeg  used on input line 36.
(pdftex.def)             Requested size: 90.69493pt x 192.71169pt.
 [25 <./images/before_send_server.jpeg> <./images/wait_for_clients.jpeg> <./images/after_send_server.jpeg>]
File: images/fail_client.jpeg Graphic file (type jpg)
<use images/fail_client.jpeg>
Package pdftex.def Info: images/fail_client.jpeg  used on input line 47.
(pdftex.def)             Requested size: 151.56357pt x 321.19432pt.
) [26] (report.aux)
 ***********
LaTeX2e <2023-11-01> patch level 1
L3 programming layer <2024-01-22>
 ***********


LaTeX Warning: There were multiply-defined labels.

Package rerunfilecheck Info: File `report.out' has not changed.
(rerunfilecheck)             Checksum: EF73CF28E45DA03C523646022C15E210;8890.
 ) 
Here is how much of TeX's memory you used:
 16441 strings out of 474542
 264932 string characters out of 5743503
 1976978 words of memory out of 5000000
 38258 multiletter control sequences out of 15000+600000
 563484 words of font info for 56 fonts, out of 8000000 for 9000
 1141 hyphenation exceptions out of 8191
 75i,12n,79p,1249b,1968s stack positions out of 10000i,1000n,20000p,200000b,200000s
 <C:\Users\Lorenzo\AppData\Local\MiKTeX\fonts/pk/ljfour/jknappen/ec/dpi600\tcrm1000.pk><C:/Users/Lorenzo/AppData/Local/Programs/MiKTeX/fonts/type1/public/amsfonts/cm/cmbx10.pfb><C:/Users/Lorenzo/AppData/Local/Programs/MiKTeX/fonts/type1/public/amsfonts/cm/cmbx12.pfb><C:/Users/Lorenzo/AppData/Local/Programs/MiKTeX/fonts/type1/public/amsfonts/cm/cmmi10.pfb><C:/Users/Lorenzo/AppData/Local/Programs/MiKTeX/fonts/type1/public/amsfonts/cm/cmr10.pfb><C:/Users/Lorenzo/AppData/Local/Programs/MiKTeX/fonts/type1/public/amsfonts/cm/cmr12.pfb><C:/Users/Lorenzo/AppData/Local/Programs/MiKTeX/fonts/type1/public/amsfonts/cm/cmr17.pfb><C:/Users/Lorenzo/AppData/Local/Programs/MiKTeX/fonts/type1/public/amsfonts/cm/cmss17.pfb><C:/Users/Lorenzo/AppData/Local/Programs/MiKTeX/fonts/type1/public/amsfonts/cm/cmsy10.pfb><C:/Users/Lorenzo/AppData/Local/Programs/MiKTeX/fonts/type1/public/amsfonts/cm/cmti10.pfb>
Output written on report.pdf (30 pages, 990747 bytes).
PDF statistics:
 630 PDF objects out of 1000 (max. 8388607)
 187 named destinations out of 1000 (max. 500000)
 509 words of extra memory for PDF output out of 10000 (max. 10000000)

